This file contains any messages produced by compilers while
running configure, to aid debugging if configure makes a mistake.

It was created by dash configure 0.5.9.1, which was
generated by GNU Autoconf 2.71.  Invocation command line was

  $ ./configure --host=x86_64-onyx --with-sysroot=/home/pfalcato/Onyx/sysroot --prefix=/usr --enable-static

## --------- ##
## Platform. ##
## --------- ##

hostname = PC-PEDRO
uname -m = x86_64
uname -r = 5.12.15-zen1-1-zen
uname -s = Linux
uname -v = #1 ZEN SMP PREEMPT Wed, 07 Jul 2021 23:35:33 +0000

/usr/bin/uname -p = unknown
/bin/uname -X     = unknown

/bin/arch              = unknown
/usr/bin/arch -k       = unknown
/usr/convex/getsysinfo = unknown
/usr/bin/hostinfo      = unknown
/bin/machine           = unknown
/usr/bin/oslevel       = unknown
/bin/universe          = unknown

PATH: /data/fuchsia/.jiri_root/bin/
PATH: /home/pfalcato/.local/bin/
PATH: /home/pfalcato/opt/x86_64-sortix/sbin/
PATH: /home/pfalcato/opt/x86_64-sortix/bin/
PATH: /data/toolchains/riscv64-onyx/bin/
PATH: /opt/google-cloud-sdk/bin/
PATH: /usr/local/sbin/
PATH: /usr/local/bin/
PATH: /usr/bin/
PATH: /usr/lib/jvm/default/bin/
PATH: /usr/bin/site_perl/
PATH: /usr/bin/vendor_perl/
PATH: /usr/bin/core_perl/
PATH: /data/toolchains/x86_64-onyx/bin/
PATH: /home/pfalcato/opt/aarch64-elf/bin/
PATH: /home/pfalcato/android-studio/bin/


## ----------- ##
## Core tests. ##
## ----------- ##

configure:2591: looking for aux files: compile missing install-sh
configure:2604:  trying ./
configure:2633:   ./compile found
configure:2633:   ./missing found
configure:2615:   ./install-sh found
configure:2762: checking for a BSD-compatible install
configure:2835: result: /usr/bin/install -c
configure:2846: checking whether build environment is sane
configure:2901: result: yes
configure:2957: checking for x86_64-onyx-strip
configure:2989: result: /data/toolchains/onyx-clang/bin/llvm-strip
configure:3060: checking for a race-free mkdir -p
configure:3104: result: /usr/bin/mkdir -p
configure:3111: checking for gawk
configure:3132: found /usr/bin/gawk
configure:3143: result: gawk
configure:3154: checking whether make sets $(MAKE)
configure:3177: result: yes
configure:3207: checking whether make supports nested variables
configure:3225: result: yes
configure:3369: checking for x86_64-onyx-gcc
configure:3401: result: /data/toolchains/onyx-clang/bin/clang --target=x86_64-unknown-onyx --sysroot=/home/pfalcato/Onyx/sysroot
configure:3799: checking for C compiler version
configure:3808: /data/toolchains/onyx-clang/bin/clang --target=x86_64-unknown-onyx --sysroot=/home/pfalcato/Onyx/sysroot --version >&5
Onyx clang version 12.0.0 (https://github.com/heatd/Onyx b60e9c87798e13801a3105c03646468f48da1566)
Target: x86_64-unknown-onyx
Thread model: posix
InstalledDir: /data/toolchains/onyx-clang/bin
configure:3819: $? = 0
configure:3808: /data/toolchains/onyx-clang/bin/clang --target=x86_64-unknown-onyx --sysroot=/home/pfalcato/Onyx/sysroot -v >&5
Onyx clang version 12.0.0 (https://github.com/heatd/Onyx b60e9c87798e13801a3105c03646468f48da1566)
Target: x86_64-unknown-onyx
Thread model: posix
InstalledDir: /data/toolchains/onyx-clang/bin
configure:3819: $? = 0
configure:3808: /data/toolchains/onyx-clang/bin/clang --target=x86_64-unknown-onyx --sysroot=/home/pfalcato/Onyx/sysroot -V >&5
clang-12: error: argument to '-V' is missing (expected 1 value)
clang-12: error: no input files
configure:3819: $? = 1
configure:3808: /data/toolchains/onyx-clang/bin/clang --target=x86_64-unknown-onyx --sysroot=/home/pfalcato/Onyx/sysroot -qversion >&5
clang-12: error: unknown argument '-qversion'; did you mean '--version'?
clang-12: error: no input files
configure:3819: $? = 1
configure:3808: /data/toolchains/onyx-clang/bin/clang --target=x86_64-unknown-onyx --sysroot=/home/pfalcato/Onyx/sysroot -version >&5
clang-12: error: unknown argument '-version'; did you mean '--version'?
clang-12: error: no input files
configure:3819: $? = 1
configure:3839: checking whether the C compiler works
configure:3861: /data/toolchains/onyx-clang/bin/clang --target=x86_64-unknown-onyx --sysroot=/home/pfalcato/Onyx/sysroot -O2 -g   conftest.c  >&5
configure:3865: $? = 0
configure:3915: result: yes
configure:3918: checking for C compiler default output file name
configure:3920: result: a.out
configure:3926: checking for suffix of executables
configure:3933: /data/toolchains/onyx-clang/bin/clang --target=x86_64-unknown-onyx --sysroot=/home/pfalcato/Onyx/sysroot -o conftest -O2 -g   conftest.c  >&5
configure:3937: $? = 0
configure:3960: result: 
configure:3982: checking whether we are cross compiling
configure:3990: /data/toolchains/onyx-clang/bin/clang --target=x86_64-unknown-onyx --sysroot=/home/pfalcato/Onyx/sysroot -o conftest -O2 -g   conftest.c  >&5
configure:3994: $? = 0
configure:4001: ./conftest
./conftest: ./conftest: cannot execute binary file
configure:4005: $? = 126
configure:4020: result: yes
configure:4025: checking for suffix of object files
configure:4048: /data/toolchains/onyx-clang/bin/clang --target=x86_64-unknown-onyx --sysroot=/home/pfalcato/Onyx/sysroot -c -O2 -g  conftest.c >&5
configure:4052: $? = 0
configure:4074: result: o
configure:4078: checking whether the compiler supports GNU C
configure:4098: /data/toolchains/onyx-clang/bin/clang --target=x86_64-unknown-onyx --sysroot=/home/pfalcato/Onyx/sysroot -c -O2 -g  conftest.c >&5
configure:4098: $? = 0
configure:4108: result: yes
configure:4119: checking whether /data/toolchains/onyx-clang/bin/clang --target=x86_64-unknown-onyx --sysroot=/home/pfalcato/Onyx/sysroot accepts -g
configure:4140: /data/toolchains/onyx-clang/bin/clang --target=x86_64-unknown-onyx --sysroot=/home/pfalcato/Onyx/sysroot -c -g  conftest.c >&5
configure:4140: $? = 0
configure:4184: result: yes
configure:4204: checking for /data/toolchains/onyx-clang/bin/clang --target=x86_64-unknown-onyx --sysroot=/home/pfalcato/Onyx/sysroot option to enable C11 features
configure:4219: /data/toolchains/onyx-clang/bin/clang --target=x86_64-unknown-onyx --sysroot=/home/pfalcato/Onyx/sysroot  -c -O2 -g  conftest.c >&5
configure:4219: $? = 0
configure:4237: result: none needed
configure:4353: checking whether /data/toolchains/onyx-clang/bin/clang --target=x86_64-unknown-onyx --sysroot=/home/pfalcato/Onyx/sysroot understands -c and -o together
configure:4376: /data/toolchains/onyx-clang/bin/clang --target=x86_64-unknown-onyx --sysroot=/home/pfalcato/Onyx/sysroot -c conftest.c -o conftest2.o
configure:4379: $? = 0
configure:4376: /data/toolchains/onyx-clang/bin/clang --target=x86_64-unknown-onyx --sysroot=/home/pfalcato/Onyx/sysroot -c conftest.c -o conftest2.o
configure:4379: $? = 0
configure:4391: result: yes
configure:4411: checking whether make supports the include directive
configure:4426: make -f confmf.GNU && cat confinc.out
make[1]: Entering directory '/home/pfalcato/Onyx/usystem/dash'
make[1]: Leaving directory '/home/pfalcato/Onyx/usystem/dash'
this is the am__doit target
configure:4429: $? = 0
configure:4448: result: yes (GNU style)
configure:4474: checking dependency style of /data/toolchains/onyx-clang/bin/clang --target=x86_64-unknown-onyx --sysroot=/home/pfalcato/Onyx/sysroot
configure:4586: result: gcc3
configure:4606: checking for stdio.h
configure:4606: /data/toolchains/onyx-clang/bin/clang --target=x86_64-unknown-onyx --sysroot=/home/pfalcato/Onyx/sysroot -c -O2 -g  conftest.c >&5
configure:4606: $? = 0
configure:4606: result: yes
configure:4606: checking for stdlib.h
configure:4606: /data/toolchains/onyx-clang/bin/clang --target=x86_64-unknown-onyx --sysroot=/home/pfalcato/Onyx/sysroot -c -O2 -g  conftest.c >&5
configure:4606: $? = 0
configure:4606: result: yes
configure:4606: checking for string.h
configure:4606: /data/toolchains/onyx-clang/bin/clang --target=x86_64-unknown-onyx --sysroot=/home/pfalcato/Onyx/sysroot -c -O2 -g  conftest.c >&5
configure:4606: $? = 0
configure:4606: result: yes
configure:4606: checking for inttypes.h
configure:4606: /data/toolchains/onyx-clang/bin/clang --target=x86_64-unknown-onyx --sysroot=/home/pfalcato/Onyx/sysroot -c -O2 -g  conftest.c >&5
configure:4606: $? = 0
configure:4606: result: yes
configure:4606: checking for stdint.h
configure:4606: /data/toolchains/onyx-clang/bin/clang --target=x86_64-unknown-onyx --sysroot=/home/pfalcato/Onyx/sysroot -c -O2 -g  conftest.c >&5
configure:4606: $? = 0
configure:4606: result: yes
configure:4606: checking for strings.h
configure:4606: /data/toolchains/onyx-clang/bin/clang --target=x86_64-unknown-onyx --sysroot=/home/pfalcato/Onyx/sysroot -c -O2 -g  conftest.c >&5
configure:4606: $? = 0
configure:4606: result: yes
configure:4606: checking for sys/stat.h
configure:4606: /data/toolchains/onyx-clang/bin/clang --target=x86_64-unknown-onyx --sysroot=/home/pfalcato/Onyx/sysroot -c -O2 -g  conftest.c >&5
configure:4606: $? = 0
configure:4606: result: yes
configure:4606: checking for sys/types.h
configure:4606: /data/toolchains/onyx-clang/bin/clang --target=x86_64-unknown-onyx --sysroot=/home/pfalcato/Onyx/sysroot -c -O2 -g  conftest.c >&5
configure:4606: $? = 0
configure:4606: result: yes
configure:4606: checking for unistd.h
configure:4606: /data/toolchains/onyx-clang/bin/clang --target=x86_64-unknown-onyx --sysroot=/home/pfalcato/Onyx/sysroot -c -O2 -g  conftest.c >&5
configure:4606: $? = 0
configure:4606: result: yes
configure:4606: checking for wchar.h
configure:4606: /data/toolchains/onyx-clang/bin/clang --target=x86_64-unknown-onyx --sysroot=/home/pfalcato/Onyx/sysroot -c -O2 -g  conftest.c >&5
configure:4606: $? = 0
configure:4606: result: yes
configure:4606: checking for minix/config.h
configure:4606: /data/toolchains/onyx-clang/bin/clang --target=x86_64-unknown-onyx --sysroot=/home/pfalcato/Onyx/sysroot -c -O2 -g  conftest.c >&5
conftest.c:49:10: fatal error: 'minix/config.h' file not found
#include <minix/config.h>
         ^~~~~~~~~~~~~~~~
1 error generated.
configure:4606: $? = 1
configure: failed program was:
| /* confdefs.h */
| #define PACKAGE_NAME "dash"
| #define PACKAGE_TARNAME "dash"
| #define PACKAGE_VERSION "0.5.9.1"
| #define PACKAGE_STRING "dash 0.5.9.1"
| #define PACKAGE_BUGREPORT ""
| #define PACKAGE_URL ""
| #define PACKAGE "dash"
| #define VERSION "0.5.9.1"
| #define HAVE_STDIO_H 1
| #define HAVE_STDLIB_H 1
| #define HAVE_STRING_H 1
| #define HAVE_INTTYPES_H 1
| #define HAVE_STDINT_H 1
| #define HAVE_STRINGS_H 1
| #define HAVE_SYS_STAT_H 1
| #define HAVE_SYS_TYPES_H 1
| #define HAVE_UNISTD_H 1
| #define HAVE_WCHAR_H 1
| /* end confdefs.h.  */
| #include <stddef.h>
| #ifdef HAVE_STDIO_H
| # include <stdio.h>
| #endif
| #ifdef HAVE_STDLIB_H
| # include <stdlib.h>
| #endif
| #ifdef HAVE_STRING_H
| # include <string.h>
| #endif
| #ifdef HAVE_INTTYPES_H
| # include <inttypes.h>
| #endif
| #ifdef HAVE_STDINT_H
| # include <stdint.h>
| #endif
| #ifdef HAVE_STRINGS_H
| # include <strings.h>
| #endif
| #ifdef HAVE_SYS_TYPES_H
| # include <sys/types.h>
| #endif
| #ifdef HAVE_SYS_STAT_H
| # include <sys/stat.h>
| #endif
| #ifdef HAVE_UNISTD_H
| # include <unistd.h>
| #endif
| #include <minix/config.h>
configure:4606: result: no
configure:4637: checking whether it is safe to define __EXTENSIONS__
configure:4656: /data/toolchains/onyx-clang/bin/clang --target=x86_64-unknown-onyx --sysroot=/home/pfalcato/Onyx/sysroot -c -O2 -g  conftest.c >&5
configure:4656: $? = 0
configure:4664: result: yes
configure:4667: checking whether _XOPEN_SOURCE should be defined
configure:4689: /data/toolchains/onyx-clang/bin/clang --target=x86_64-unknown-onyx --sysroot=/home/pfalcato/Onyx/sysroot -c -O2 -g  conftest.c >&5
configure:4689: $? = 0
configure:4716: result: no
configure:4777: checking for bison
configure:4798: found /usr/bin/bison
configure:4809: result: bison -y
configure:4822: checking for build system compiler
configure:4829: result: cc
configure:4833: checking for __attribute__((__alias__()))
configure:4848: /data/toolchains/onyx-clang/bin/clang --target=x86_64-unknown-onyx --sysroot=/home/pfalcato/Onyx/sysroot -o conftest -O2 -g   conftest.c  >&5
configure:4848: $? = 0
configure:4854: result: yes
configure:4886: checking for alloca.h
configure:4886: /data/toolchains/onyx-clang/bin/clang --target=x86_64-unknown-onyx --sysroot=/home/pfalcato/Onyx/sysroot -c -O2 -g  conftest.c >&5
configure:4886: $? = 0
configure:4886: result: yes
configure:4892: checking for paths.h
configure:4892: /data/toolchains/onyx-clang/bin/clang --target=x86_64-unknown-onyx --sysroot=/home/pfalcato/Onyx/sysroot -c -O2 -g  conftest.c >&5
configure:4892: $? = 0
configure:4892: result: yes
configure:4900: checking for /data/toolchains/onyx-clang/bin/clang --target=x86_64-unknown-onyx --sysroot=/home/pfalcato/Onyx/sysroot options needed to detect all undeclared functions
configure:4922: /data/toolchains/onyx-clang/bin/clang --target=x86_64-unknown-onyx --sysroot=/home/pfalcato/Onyx/sysroot -c -O2 -g   conftest.c >&5
conftest.c:45:8: warning: implicitly declaring library function 'strchr' with type 'char *(const char *, int)' [-Wimplicit-function-declaration]
(void) strchr;
       ^
conftest.c:45:8: note: include the header <string.h> or explicitly provide a declaration for 'strchr'
1 warning generated.
configure:4922: $? = 0
configure:4922: /data/toolchains/onyx-clang/bin/clang --target=x86_64-unknown-onyx --sysroot=/home/pfalcato/Onyx/sysroot -c -O2 -g -fno-builtin  conftest.c >&5
conftest.c:45:8: error: use of undeclared identifier 'strchr'
(void) strchr;
       ^
1 error generated.
configure:4922: $? = 1
configure: failed program was:
| /* confdefs.h */
| #define PACKAGE_NAME "dash"
| #define PACKAGE_TARNAME "dash"
| #define PACKAGE_VERSION "0.5.9.1"
| #define PACKAGE_STRING "dash 0.5.9.1"
| #define PACKAGE_BUGREPORT ""
| #define PACKAGE_URL ""
| #define PACKAGE "dash"
| #define VERSION "0.5.9.1"
| #define HAVE_STDIO_H 1
| #define HAVE_STDLIB_H 1
| #define HAVE_STRING_H 1
| #define HAVE_INTTYPES_H 1
| #define HAVE_STDINT_H 1
| #define HAVE_STRINGS_H 1
| #define HAVE_SYS_STAT_H 1
| #define HAVE_SYS_TYPES_H 1
| #define HAVE_UNISTD_H 1
| #define HAVE_WCHAR_H 1
| #define STDC_HEADERS 1
| #define _ALL_SOURCE 1
| #define _DARWIN_C_SOURCE 1
| #define _GNU_SOURCE 1
| #define _HPUX_ALT_XOPEN_SOCKET_API 1
| #define _NETBSD_SOURCE 1
| #define _OPENBSD_SOURCE 1
| #define _POSIX_PTHREAD_SEMANTICS 1
| #define __STDC_WANT_IEC_60559_ATTRIBS_EXT__ 1
| #define __STDC_WANT_IEC_60559_BFP_EXT__ 1
| #define __STDC_WANT_IEC_60559_DFP_EXT__ 1
| #define __STDC_WANT_IEC_60559_FUNCS_EXT__ 1
| #define __STDC_WANT_IEC_60559_TYPES_EXT__ 1
| #define __STDC_WANT_LIB_EXT2__ 1
| #define __STDC_WANT_MATH_SPEC_FUNCS__ 1
| #define _TANDEM_SOURCE 1
| #define __EXTENSIONS__ 1
| #define HAVE_ALIAS_ATTRIBUTE 1
| #define HAVE_ALLOCA_H 1
| #define HAVE_PATHS_H 1
| /* end confdefs.h.  */
| 
| int
| main (void)
| {
| (void) strchr;
|   ;
|   return 0;
| }
configure:4949: /data/toolchains/onyx-clang/bin/clang --target=x86_64-unknown-onyx --sysroot=/home/pfalcato/Onyx/sysroot -c -O2 -g -fno-builtin  conftest.c >&5
configure:4949: $? = 0
configure:4966: result: -fno-builtin
configure:4980: checking whether _PATH_BSHELL is declared
configure:4980: /data/toolchains/onyx-clang/bin/clang --target=x86_64-unknown-onyx --sysroot=/home/pfalcato/Onyx/sysroot -c -O2 -g -fno-builtin  conftest.c >&5
configure:4980: $? = 0
configure:4980: result: yes
configure:4994: checking whether _PATH_DEVNULL is declared
configure:4994: /data/toolchains/onyx-clang/bin/clang --target=x86_64-unknown-onyx --sysroot=/home/pfalcato/Onyx/sysroot -c -O2 -g -fno-builtin  conftest.c >&5
configure:4994: $? = 0
configure:4994: result: yes
configure:5008: checking whether _PATH_TTY is declared
configure:5008: /data/toolchains/onyx-clang/bin/clang --target=x86_64-unknown-onyx --sysroot=/home/pfalcato/Onyx/sysroot -c -O2 -g -fno-builtin  conftest.c >&5
configure:5008: $? = 0
configure:5008: result: yes
configure:5023: checking whether isblank is declared
configure:5023: /data/toolchains/onyx-clang/bin/clang --target=x86_64-unknown-onyx --sysroot=/home/pfalcato/Onyx/sysroot -c -O2 -g -fno-builtin  conftest.c >&5
configure:5023: $? = 0
configure:5023: result: yes
configure:5038: checking size of intmax_t
configure:5044: /data/toolchains/onyx-clang/bin/clang --target=x86_64-unknown-onyx --sysroot=/home/pfalcato/Onyx/sysroot -c -O2 -g  conftest.c >&5
configure:5044: $? = 0
configure:5044: /data/toolchains/onyx-clang/bin/clang --target=x86_64-unknown-onyx --sysroot=/home/pfalcato/Onyx/sysroot -c -O2 -g  conftest.c >&5
conftest.c:73:24: error: 'test_array' declared as an array with a negative size
static int test_array [1 - 2 * !(((long int) (sizeof (intmax_t))) <= 0)];
                       ^~~~~~~~~~~~~~~~~~~~~~~~~~~~~~~~~~~~~~~~~~~~~~~~
1 error generated.
configure:5044: $? = 1
configure: failed program was:
| /* confdefs.h */
| #define PACKAGE_NAME "dash"
| #define PACKAGE_TARNAME "dash"
| #define PACKAGE_VERSION "0.5.9.1"
| #define PACKAGE_STRING "dash 0.5.9.1"
| #define PACKAGE_BUGREPORT ""
| #define PACKAGE_URL ""
| #define PACKAGE "dash"
| #define VERSION "0.5.9.1"
| #define HAVE_STDIO_H 1
| #define HAVE_STDLIB_H 1
| #define HAVE_STRING_H 1
| #define HAVE_INTTYPES_H 1
| #define HAVE_STDINT_H 1
| #define HAVE_STRINGS_H 1
| #define HAVE_SYS_STAT_H 1
| #define HAVE_SYS_TYPES_H 1
| #define HAVE_UNISTD_H 1
| #define HAVE_WCHAR_H 1
| #define STDC_HEADERS 1
| #define _ALL_SOURCE 1
| #define _DARWIN_C_SOURCE 1
| #define _GNU_SOURCE 1
| #define _HPUX_ALT_XOPEN_SOCKET_API 1
| #define _NETBSD_SOURCE 1
| #define _OPENBSD_SOURCE 1
| #define _POSIX_PTHREAD_SEMANTICS 1
| #define __STDC_WANT_IEC_60559_ATTRIBS_EXT__ 1
| #define __STDC_WANT_IEC_60559_BFP_EXT__ 1
| #define __STDC_WANT_IEC_60559_DFP_EXT__ 1
| #define __STDC_WANT_IEC_60559_FUNCS_EXT__ 1
| #define __STDC_WANT_IEC_60559_TYPES_EXT__ 1
| #define __STDC_WANT_LIB_EXT2__ 1
| #define __STDC_WANT_MATH_SPEC_FUNCS__ 1
| #define _TANDEM_SOURCE 1
| #define __EXTENSIONS__ 1
| #define HAVE_ALIAS_ATTRIBUTE 1
| #define HAVE_ALLOCA_H 1
| #define HAVE_PATHS_H 1
| #define HAVE_DECL_ISBLANK 1
| /* end confdefs.h.  */
| #include <stddef.h>
| #ifdef HAVE_STDIO_H
| # include <stdio.h>
| #endif
| #ifdef HAVE_STDLIB_H
| # include <stdlib.h>
| #endif
| #ifdef HAVE_STRING_H
| # include <string.h>
| #endif
| #ifdef HAVE_INTTYPES_H
| # include <inttypes.h>
| #endif
| #ifdef HAVE_STDINT_H
| # include <stdint.h>
| #endif
| #ifdef HAVE_STRINGS_H
| # include <strings.h>
| #endif
| #ifdef HAVE_SYS_TYPES_H
| # include <sys/types.h>
| #endif
| #ifdef HAVE_SYS_STAT_H
| # include <sys/stat.h>
| #endif
| #ifdef HAVE_UNISTD_H
| # include <unistd.h>
| #endif
| int
| main (void)
| {
| static int test_array [1 - 2 * !(((long int) (sizeof (intmax_t))) <= 0)];
| test_array [0] = 0;
| return test_array [0];
| 
|   ;
|   return 0;
| }
configure:5044: /data/toolchains/onyx-clang/bin/clang --target=x86_64-unknown-onyx --sysroot=/home/pfalcato/Onyx/sysroot -c -O2 -g  conftest.c >&5
conftest.c:73:24: error: 'test_array' declared as an array with a negative size
static int test_array [1 - 2 * !(((long int) (sizeof (intmax_t))) <= 1)];
                       ^~~~~~~~~~~~~~~~~~~~~~~~~~~~~~~~~~~~~~~~~~~~~~~~
1 error generated.
configure:5044: $? = 1
configure: failed program was:
| /* confdefs.h */
| #define PACKAGE_NAME "dash"
| #define PACKAGE_TARNAME "dash"
| #define PACKAGE_VERSION "0.5.9.1"
| #define PACKAGE_STRING "dash 0.5.9.1"
| #define PACKAGE_BUGREPORT ""
| #define PACKAGE_URL ""
| #define PACKAGE "dash"
| #define VERSION "0.5.9.1"
| #define HAVE_STDIO_H 1
| #define HAVE_STDLIB_H 1
| #define HAVE_STRING_H 1
| #define HAVE_INTTYPES_H 1
| #define HAVE_STDINT_H 1
| #define HAVE_STRINGS_H 1
| #define HAVE_SYS_STAT_H 1
| #define HAVE_SYS_TYPES_H 1
| #define HAVE_UNISTD_H 1
| #define HAVE_WCHAR_H 1
| #define STDC_HEADERS 1
| #define _ALL_SOURCE 1
| #define _DARWIN_C_SOURCE 1
| #define _GNU_SOURCE 1
| #define _HPUX_ALT_XOPEN_SOCKET_API 1
| #define _NETBSD_SOURCE 1
| #define _OPENBSD_SOURCE 1
| #define _POSIX_PTHREAD_SEMANTICS 1
| #define __STDC_WANT_IEC_60559_ATTRIBS_EXT__ 1
| #define __STDC_WANT_IEC_60559_BFP_EXT__ 1
| #define __STDC_WANT_IEC_60559_DFP_EXT__ 1
| #define __STDC_WANT_IEC_60559_FUNCS_EXT__ 1
| #define __STDC_WANT_IEC_60559_TYPES_EXT__ 1
| #define __STDC_WANT_LIB_EXT2__ 1
| #define __STDC_WANT_MATH_SPEC_FUNCS__ 1
| #define _TANDEM_SOURCE 1
| #define __EXTENSIONS__ 1
| #define HAVE_ALIAS_ATTRIBUTE 1
| #define HAVE_ALLOCA_H 1
| #define HAVE_PATHS_H 1
| #define HAVE_DECL_ISBLANK 1
| /* end confdefs.h.  */
| #include <stddef.h>
| #ifdef HAVE_STDIO_H
| # include <stdio.h>
| #endif
| #ifdef HAVE_STDLIB_H
| # include <stdlib.h>
| #endif
| #ifdef HAVE_STRING_H
| # include <string.h>
| #endif
| #ifdef HAVE_INTTYPES_H
| # include <inttypes.h>
| #endif
| #ifdef HAVE_STDINT_H
| # include <stdint.h>
| #endif
| #ifdef HAVE_STRINGS_H
| # include <strings.h>
| #endif
| #ifdef HAVE_SYS_TYPES_H
| # include <sys/types.h>
| #endif
| #ifdef HAVE_SYS_STAT_H
| # include <sys/stat.h>
| #endif
| #ifdef HAVE_UNISTD_H
| # include <unistd.h>
| #endif
| int
| main (void)
| {
| static int test_array [1 - 2 * !(((long int) (sizeof (intmax_t))) <= 1)];
| test_array [0] = 0;
| return test_array [0];
| 
|   ;
|   return 0;
| }
configure:5044: /data/toolchains/onyx-clang/bin/clang --target=x86_64-unknown-onyx --sysroot=/home/pfalcato/Onyx/sysroot -c -O2 -g  conftest.c >&5
conftest.c:73:24: error: 'test_array' declared as an array with a negative size
static int test_array [1 - 2 * !(((long int) (sizeof (intmax_t))) <= 3)];
                       ^~~~~~~~~~~~~~~~~~~~~~~~~~~~~~~~~~~~~~~~~~~~~~~~
1 error generated.
configure:5044: $? = 1
configure: failed program was:
| /* confdefs.h */
| #define PACKAGE_NAME "dash"
| #define PACKAGE_TARNAME "dash"
| #define PACKAGE_VERSION "0.5.9.1"
| #define PACKAGE_STRING "dash 0.5.9.1"
| #define PACKAGE_BUGREPORT ""
| #define PACKAGE_URL ""
| #define PACKAGE "dash"
| #define VERSION "0.5.9.1"
| #define HAVE_STDIO_H 1
| #define HAVE_STDLIB_H 1
| #define HAVE_STRING_H 1
| #define HAVE_INTTYPES_H 1
| #define HAVE_STDINT_H 1
| #define HAVE_STRINGS_H 1
| #define HAVE_SYS_STAT_H 1
| #define HAVE_SYS_TYPES_H 1
| #define HAVE_UNISTD_H 1
| #define HAVE_WCHAR_H 1
| #define STDC_HEADERS 1
| #define _ALL_SOURCE 1
| #define _DARWIN_C_SOURCE 1
| #define _GNU_SOURCE 1
| #define _HPUX_ALT_XOPEN_SOCKET_API 1
| #define _NETBSD_SOURCE 1
| #define _OPENBSD_SOURCE 1
| #define _POSIX_PTHREAD_SEMANTICS 1
| #define __STDC_WANT_IEC_60559_ATTRIBS_EXT__ 1
| #define __STDC_WANT_IEC_60559_BFP_EXT__ 1
| #define __STDC_WANT_IEC_60559_DFP_EXT__ 1
| #define __STDC_WANT_IEC_60559_FUNCS_EXT__ 1
| #define __STDC_WANT_IEC_60559_TYPES_EXT__ 1
| #define __STDC_WANT_LIB_EXT2__ 1
| #define __STDC_WANT_MATH_SPEC_FUNCS__ 1
| #define _TANDEM_SOURCE 1
| #define __EXTENSIONS__ 1
| #define HAVE_ALIAS_ATTRIBUTE 1
| #define HAVE_ALLOCA_H 1
| #define HAVE_PATHS_H 1
| #define HAVE_DECL_ISBLANK 1
| /* end confdefs.h.  */
| #include <stddef.h>
| #ifdef HAVE_STDIO_H
| # include <stdio.h>
| #endif
| #ifdef HAVE_STDLIB_H
| # include <stdlib.h>
| #endif
| #ifdef HAVE_STRING_H
| # include <string.h>
| #endif
| #ifdef HAVE_INTTYPES_H
| # include <inttypes.h>
| #endif
| #ifdef HAVE_STDINT_H
| # include <stdint.h>
| #endif
| #ifdef HAVE_STRINGS_H
| # include <strings.h>
| #endif
| #ifdef HAVE_SYS_TYPES_H
| # include <sys/types.h>
| #endif
| #ifdef HAVE_SYS_STAT_H
| # include <sys/stat.h>
| #endif
| #ifdef HAVE_UNISTD_H
| # include <unistd.h>
| #endif
| int
| main (void)
| {
| static int test_array [1 - 2 * !(((long int) (sizeof (intmax_t))) <= 3)];
| test_array [0] = 0;
| return test_array [0];
| 
|   ;
|   return 0;
| }
configure:5044: /data/toolchains/onyx-clang/bin/clang --target=x86_64-unknown-onyx --sysroot=/home/pfalcato/Onyx/sysroot -c -O2 -g  conftest.c >&5
conftest.c:73:24: error: 'test_array' declared as an array with a negative size
static int test_array [1 - 2 * !(((long int) (sizeof (intmax_t))) <= 7)];
                       ^~~~~~~~~~~~~~~~~~~~~~~~~~~~~~~~~~~~~~~~~~~~~~~~
1 error generated.
configure:5044: $? = 1
configure: failed program was:
| /* confdefs.h */
| #define PACKAGE_NAME "dash"
| #define PACKAGE_TARNAME "dash"
| #define PACKAGE_VERSION "0.5.9.1"
| #define PACKAGE_STRING "dash 0.5.9.1"
| #define PACKAGE_BUGREPORT ""
| #define PACKAGE_URL ""
| #define PACKAGE "dash"
| #define VERSION "0.5.9.1"
| #define HAVE_STDIO_H 1
| #define HAVE_STDLIB_H 1
| #define HAVE_STRING_H 1
| #define HAVE_INTTYPES_H 1
| #define HAVE_STDINT_H 1
| #define HAVE_STRINGS_H 1
| #define HAVE_SYS_STAT_H 1
| #define HAVE_SYS_TYPES_H 1
| #define HAVE_UNISTD_H 1
| #define HAVE_WCHAR_H 1
| #define STDC_HEADERS 1
| #define _ALL_SOURCE 1
| #define _DARWIN_C_SOURCE 1
| #define _GNU_SOURCE 1
| #define _HPUX_ALT_XOPEN_SOCKET_API 1
| #define _NETBSD_SOURCE 1
| #define _OPENBSD_SOURCE 1
| #define _POSIX_PTHREAD_SEMANTICS 1
| #define __STDC_WANT_IEC_60559_ATTRIBS_EXT__ 1
| #define __STDC_WANT_IEC_60559_BFP_EXT__ 1
| #define __STDC_WANT_IEC_60559_DFP_EXT__ 1
| #define __STDC_WANT_IEC_60559_FUNCS_EXT__ 1
| #define __STDC_WANT_IEC_60559_TYPES_EXT__ 1
| #define __STDC_WANT_LIB_EXT2__ 1
| #define __STDC_WANT_MATH_SPEC_FUNCS__ 1
| #define _TANDEM_SOURCE 1
| #define __EXTENSIONS__ 1
| #define HAVE_ALIAS_ATTRIBUTE 1
| #define HAVE_ALLOCA_H 1
| #define HAVE_PATHS_H 1
| #define HAVE_DECL_ISBLANK 1
| /* end confdefs.h.  */
| #include <stddef.h>
| #ifdef HAVE_STDIO_H
| # include <stdio.h>
| #endif
| #ifdef HAVE_STDLIB_H
| # include <stdlib.h>
| #endif
| #ifdef HAVE_STRING_H
| # include <string.h>
| #endif
| #ifdef HAVE_INTTYPES_H
| # include <inttypes.h>
| #endif
| #ifdef HAVE_STDINT_H
| # include <stdint.h>
| #endif
| #ifdef HAVE_STRINGS_H
| # include <strings.h>
| #endif
| #ifdef HAVE_SYS_TYPES_H
| # include <sys/types.h>
| #endif
| #ifdef HAVE_SYS_STAT_H
| # include <sys/stat.h>
| #endif
| #ifdef HAVE_UNISTD_H
| # include <unistd.h>
| #endif
| int
| main (void)
| {
| static int test_array [1 - 2 * !(((long int) (sizeof (intmax_t))) <= 7)];
| test_array [0] = 0;
| return test_array [0];
| 
|   ;
|   return 0;
| }
configure:5044: /data/toolchains/onyx-clang/bin/clang --target=x86_64-unknown-onyx --sysroot=/home/pfalcato/Onyx/sysroot -c -O2 -g  conftest.c >&5
configure:5044: $? = 0
configure:5044: /data/toolchains/onyx-clang/bin/clang --target=x86_64-unknown-onyx --sysroot=/home/pfalcato/Onyx/sysroot -c -O2 -g  conftest.c >&5
configure:5044: $? = 0
configure:5044: /data/toolchains/onyx-clang/bin/clang --target=x86_64-unknown-onyx --sysroot=/home/pfalcato/Onyx/sysroot -c -O2 -g  conftest.c >&5
configure:5044: $? = 0
configure:5044: /data/toolchains/onyx-clang/bin/clang --target=x86_64-unknown-onyx --sysroot=/home/pfalcato/Onyx/sysroot -c -O2 -g  conftest.c >&5
configure:5044: $? = 0
configure:5059: result: 8
configure:5071: checking size of long long int
configure:5077: /data/toolchains/onyx-clang/bin/clang --target=x86_64-unknown-onyx --sysroot=/home/pfalcato/Onyx/sysroot -c -O2 -g  conftest.c >&5
configure:5077: $? = 0
configure:5077: /data/toolchains/onyx-clang/bin/clang --target=x86_64-unknown-onyx --sysroot=/home/pfalcato/Onyx/sysroot -c -O2 -g  conftest.c >&5
conftest.c:74:24: error: 'test_array' declared as an array with a negative size
static int test_array [1 - 2 * !(((long int) (sizeof (long long int))) <= 0)];
                       ^~~~~~~~~~~~~~~~~~~~~~~~~~~~~~~~~~~~~~~~~~~~~~~~~~~~~
1 error generated.
configure:5077: $? = 1
configure: failed program was:
| /* confdefs.h */
| #define PACKAGE_NAME "dash"
| #define PACKAGE_TARNAME "dash"
| #define PACKAGE_VERSION "0.5.9.1"
| #define PACKAGE_STRING "dash 0.5.9.1"
| #define PACKAGE_BUGREPORT ""
| #define PACKAGE_URL ""
| #define PACKAGE "dash"
| #define VERSION "0.5.9.1"
| #define HAVE_STDIO_H 1
| #define HAVE_STDLIB_H 1
| #define HAVE_STRING_H 1
| #define HAVE_INTTYPES_H 1
| #define HAVE_STDINT_H 1
| #define HAVE_STRINGS_H 1
| #define HAVE_SYS_STAT_H 1
| #define HAVE_SYS_TYPES_H 1
| #define HAVE_UNISTD_H 1
| #define HAVE_WCHAR_H 1
| #define STDC_HEADERS 1
| #define _ALL_SOURCE 1
| #define _DARWIN_C_SOURCE 1
| #define _GNU_SOURCE 1
| #define _HPUX_ALT_XOPEN_SOCKET_API 1
| #define _NETBSD_SOURCE 1
| #define _OPENBSD_SOURCE 1
| #define _POSIX_PTHREAD_SEMANTICS 1
| #define __STDC_WANT_IEC_60559_ATTRIBS_EXT__ 1
| #define __STDC_WANT_IEC_60559_BFP_EXT__ 1
| #define __STDC_WANT_IEC_60559_DFP_EXT__ 1
| #define __STDC_WANT_IEC_60559_FUNCS_EXT__ 1
| #define __STDC_WANT_IEC_60559_TYPES_EXT__ 1
| #define __STDC_WANT_LIB_EXT2__ 1
| #define __STDC_WANT_MATH_SPEC_FUNCS__ 1
| #define _TANDEM_SOURCE 1
| #define __EXTENSIONS__ 1
| #define HAVE_ALIAS_ATTRIBUTE 1
| #define HAVE_ALLOCA_H 1
| #define HAVE_PATHS_H 1
| #define HAVE_DECL_ISBLANK 1
| #define SIZEOF_INTMAX_T 8
| /* end confdefs.h.  */
| #include <stddef.h>
| #ifdef HAVE_STDIO_H
| # include <stdio.h>
| #endif
| #ifdef HAVE_STDLIB_H
| # include <stdlib.h>
| #endif
| #ifdef HAVE_STRING_H
| # include <string.h>
| #endif
| #ifdef HAVE_INTTYPES_H
| # include <inttypes.h>
| #endif
| #ifdef HAVE_STDINT_H
| # include <stdint.h>
| #endif
| #ifdef HAVE_STRINGS_H
| # include <strings.h>
| #endif
| #ifdef HAVE_SYS_TYPES_H
| # include <sys/types.h>
| #endif
| #ifdef HAVE_SYS_STAT_H
| # include <sys/stat.h>
| #endif
| #ifdef HAVE_UNISTD_H
| # include <unistd.h>
| #endif
| int
| main (void)
| {
| static int test_array [1 - 2 * !(((long int) (sizeof (long long int))) <= 0)];
| test_array [0] = 0;
| return test_array [0];
| 
|   ;
|   return 0;
| }
configure:5077: /data/toolchains/onyx-clang/bin/clang --target=x86_64-unknown-onyx --sysroot=/home/pfalcato/Onyx/sysroot -c -O2 -g  conftest.c >&5
conftest.c:74:24: error: 'test_array' declared as an array with a negative size
static int test_array [1 - 2 * !(((long int) (sizeof (long long int))) <= 1)];
                       ^~~~~~~~~~~~~~~~~~~~~~~~~~~~~~~~~~~~~~~~~~~~~~~~~~~~~
1 error generated.
configure:5077: $? = 1
configure: failed program was:
| /* confdefs.h */
| #define PACKAGE_NAME "dash"
| #define PACKAGE_TARNAME "dash"
| #define PACKAGE_VERSION "0.5.9.1"
| #define PACKAGE_STRING "dash 0.5.9.1"
| #define PACKAGE_BUGREPORT ""
| #define PACKAGE_URL ""
| #define PACKAGE "dash"
| #define VERSION "0.5.9.1"
| #define HAVE_STDIO_H 1
| #define HAVE_STDLIB_H 1
| #define HAVE_STRING_H 1
| #define HAVE_INTTYPES_H 1
| #define HAVE_STDINT_H 1
| #define HAVE_STRINGS_H 1
| #define HAVE_SYS_STAT_H 1
| #define HAVE_SYS_TYPES_H 1
| #define HAVE_UNISTD_H 1
| #define HAVE_WCHAR_H 1
| #define STDC_HEADERS 1
| #define _ALL_SOURCE 1
| #define _DARWIN_C_SOURCE 1
| #define _GNU_SOURCE 1
| #define _HPUX_ALT_XOPEN_SOCKET_API 1
| #define _NETBSD_SOURCE 1
| #define _OPENBSD_SOURCE 1
| #define _POSIX_PTHREAD_SEMANTICS 1
| #define __STDC_WANT_IEC_60559_ATTRIBS_EXT__ 1
| #define __STDC_WANT_IEC_60559_BFP_EXT__ 1
| #define __STDC_WANT_IEC_60559_DFP_EXT__ 1
| #define __STDC_WANT_IEC_60559_FUNCS_EXT__ 1
| #define __STDC_WANT_IEC_60559_TYPES_EXT__ 1
| #define __STDC_WANT_LIB_EXT2__ 1
| #define __STDC_WANT_MATH_SPEC_FUNCS__ 1
| #define _TANDEM_SOURCE 1
| #define __EXTENSIONS__ 1
| #define HAVE_ALIAS_ATTRIBUTE 1
| #define HAVE_ALLOCA_H 1
| #define HAVE_PATHS_H 1
| #define HAVE_DECL_ISBLANK 1
| #define SIZEOF_INTMAX_T 8
| /* end confdefs.h.  */
| #include <stddef.h>
| #ifdef HAVE_STDIO_H
| # include <stdio.h>
| #endif
| #ifdef HAVE_STDLIB_H
| # include <stdlib.h>
| #endif
| #ifdef HAVE_STRING_H
| # include <string.h>
| #endif
| #ifdef HAVE_INTTYPES_H
| # include <inttypes.h>
| #endif
| #ifdef HAVE_STDINT_H
| # include <stdint.h>
| #endif
| #ifdef HAVE_STRINGS_H
| # include <strings.h>
| #endif
| #ifdef HAVE_SYS_TYPES_H
| # include <sys/types.h>
| #endif
| #ifdef HAVE_SYS_STAT_H
| # include <sys/stat.h>
| #endif
| #ifdef HAVE_UNISTD_H
| # include <unistd.h>
| #endif
| int
| main (void)
| {
| static int test_array [1 - 2 * !(((long int) (sizeof (long long int))) <= 1)];
| test_array [0] = 0;
| return test_array [0];
| 
|   ;
|   return 0;
| }
configure:5077: /data/toolchains/onyx-clang/bin/clang --target=x86_64-unknown-onyx --sysroot=/home/pfalcato/Onyx/sysroot -c -O2 -g  conftest.c >&5
conftest.c:74:24: error: 'test_array' declared as an array with a negative size
static int test_array [1 - 2 * !(((long int) (sizeof (long long int))) <= 3)];
                       ^~~~~~~~~~~~~~~~~~~~~~~~~~~~~~~~~~~~~~~~~~~~~~~~~~~~~
1 error generated.
configure:5077: $? = 1
configure: failed program was:
| /* confdefs.h */
| #define PACKAGE_NAME "dash"
| #define PACKAGE_TARNAME "dash"
| #define PACKAGE_VERSION "0.5.9.1"
| #define PACKAGE_STRING "dash 0.5.9.1"
| #define PACKAGE_BUGREPORT ""
| #define PACKAGE_URL ""
| #define PACKAGE "dash"
| #define VERSION "0.5.9.1"
| #define HAVE_STDIO_H 1
| #define HAVE_STDLIB_H 1
| #define HAVE_STRING_H 1
| #define HAVE_INTTYPES_H 1
| #define HAVE_STDINT_H 1
| #define HAVE_STRINGS_H 1
| #define HAVE_SYS_STAT_H 1
| #define HAVE_SYS_TYPES_H 1
| #define HAVE_UNISTD_H 1
| #define HAVE_WCHAR_H 1
| #define STDC_HEADERS 1
| #define _ALL_SOURCE 1
| #define _DARWIN_C_SOURCE 1
| #define _GNU_SOURCE 1
| #define _HPUX_ALT_XOPEN_SOCKET_API 1
| #define _NETBSD_SOURCE 1
| #define _OPENBSD_SOURCE 1
| #define _POSIX_PTHREAD_SEMANTICS 1
| #define __STDC_WANT_IEC_60559_ATTRIBS_EXT__ 1
| #define __STDC_WANT_IEC_60559_BFP_EXT__ 1
| #define __STDC_WANT_IEC_60559_DFP_EXT__ 1
| #define __STDC_WANT_IEC_60559_FUNCS_EXT__ 1
| #define __STDC_WANT_IEC_60559_TYPES_EXT__ 1
| #define __STDC_WANT_LIB_EXT2__ 1
| #define __STDC_WANT_MATH_SPEC_FUNCS__ 1
| #define _TANDEM_SOURCE 1
| #define __EXTENSIONS__ 1
| #define HAVE_ALIAS_ATTRIBUTE 1
| #define HAVE_ALLOCA_H 1
| #define HAVE_PATHS_H 1
| #define HAVE_DECL_ISBLANK 1
| #define SIZEOF_INTMAX_T 8
| /* end confdefs.h.  */
| #include <stddef.h>
| #ifdef HAVE_STDIO_H
| # include <stdio.h>
| #endif
| #ifdef HAVE_STDLIB_H
| # include <stdlib.h>
| #endif
| #ifdef HAVE_STRING_H
| # include <string.h>
| #endif
| #ifdef HAVE_INTTYPES_H
| # include <inttypes.h>
| #endif
| #ifdef HAVE_STDINT_H
| # include <stdint.h>
| #endif
| #ifdef HAVE_STRINGS_H
| # include <strings.h>
| #endif
| #ifdef HAVE_SYS_TYPES_H
| # include <sys/types.h>
| #endif
| #ifdef HAVE_SYS_STAT_H
| # include <sys/stat.h>
| #endif
| #ifdef HAVE_UNISTD_H
| # include <unistd.h>
| #endif
| int
| main (void)
| {
| static int test_array [1 - 2 * !(((long int) (sizeof (long long int))) <= 3)];
| test_array [0] = 0;
| return test_array [0];
| 
|   ;
|   return 0;
| }
configure:5077: /data/toolchains/onyx-clang/bin/clang --target=x86_64-unknown-onyx --sysroot=/home/pfalcato/Onyx/sysroot -c -O2 -g  conftest.c >&5
conftest.c:74:24: error: 'test_array' declared as an array with a negative size
static int test_array [1 - 2 * !(((long int) (sizeof (long long int))) <= 7)];
                       ^~~~~~~~~~~~~~~~~~~~~~~~~~~~~~~~~~~~~~~~~~~~~~~~~~~~~
1 error generated.
configure:5077: $? = 1
configure: failed program was:
| /* confdefs.h */
| #define PACKAGE_NAME "dash"
| #define PACKAGE_TARNAME "dash"
| #define PACKAGE_VERSION "0.5.9.1"
| #define PACKAGE_STRING "dash 0.5.9.1"
| #define PACKAGE_BUGREPORT ""
| #define PACKAGE_URL ""
| #define PACKAGE "dash"
| #define VERSION "0.5.9.1"
| #define HAVE_STDIO_H 1
| #define HAVE_STDLIB_H 1
| #define HAVE_STRING_H 1
| #define HAVE_INTTYPES_H 1
| #define HAVE_STDINT_H 1
| #define HAVE_STRINGS_H 1
| #define HAVE_SYS_STAT_H 1
| #define HAVE_SYS_TYPES_H 1
| #define HAVE_UNISTD_H 1
| #define HAVE_WCHAR_H 1
| #define STDC_HEADERS 1
| #define _ALL_SOURCE 1
| #define _DARWIN_C_SOURCE 1
| #define _GNU_SOURCE 1
| #define _HPUX_ALT_XOPEN_SOCKET_API 1
| #define _NETBSD_SOURCE 1
| #define _OPENBSD_SOURCE 1
| #define _POSIX_PTHREAD_SEMANTICS 1
| #define __STDC_WANT_IEC_60559_ATTRIBS_EXT__ 1
| #define __STDC_WANT_IEC_60559_BFP_EXT__ 1
| #define __STDC_WANT_IEC_60559_DFP_EXT__ 1
| #define __STDC_WANT_IEC_60559_FUNCS_EXT__ 1
| #define __STDC_WANT_IEC_60559_TYPES_EXT__ 1
| #define __STDC_WANT_LIB_EXT2__ 1
| #define __STDC_WANT_MATH_SPEC_FUNCS__ 1
| #define _TANDEM_SOURCE 1
| #define __EXTENSIONS__ 1
| #define HAVE_ALIAS_ATTRIBUTE 1
| #define HAVE_ALLOCA_H 1
| #define HAVE_PATHS_H 1
| #define HAVE_DECL_ISBLANK 1
| #define SIZEOF_INTMAX_T 8
| /* end confdefs.h.  */
| #include <stddef.h>
| #ifdef HAVE_STDIO_H
| # include <stdio.h>
| #endif
| #ifdef HAVE_STDLIB_H
| # include <stdlib.h>
| #endif
| #ifdef HAVE_STRING_H
| # include <string.h>
| #endif
| #ifdef HAVE_INTTYPES_H
| # include <inttypes.h>
| #endif
| #ifdef HAVE_STDINT_H
| # include <stdint.h>
| #endif
| #ifdef HAVE_STRINGS_H
| # include <strings.h>
| #endif
| #ifdef HAVE_SYS_TYPES_H
| # include <sys/types.h>
| #endif
| #ifdef HAVE_SYS_STAT_H
| # include <sys/stat.h>
| #endif
| #ifdef HAVE_UNISTD_H
| # include <unistd.h>
| #endif
| int
| main (void)
| {
| static int test_array [1 - 2 * !(((long int) (sizeof (long long int))) <= 7)];
| test_array [0] = 0;
| return test_array [0];
| 
|   ;
|   return 0;
| }
configure:5077: /data/toolchains/onyx-clang/bin/clang --target=x86_64-unknown-onyx --sysroot=/home/pfalcato/Onyx/sysroot -c -O2 -g  conftest.c >&5
configure:5077: $? = 0
configure:5077: /data/toolchains/onyx-clang/bin/clang --target=x86_64-unknown-onyx --sysroot=/home/pfalcato/Onyx/sysroot -c -O2 -g  conftest.c >&5
configure:5077: $? = 0
configure:5077: /data/toolchains/onyx-clang/bin/clang --target=x86_64-unknown-onyx --sysroot=/home/pfalcato/Onyx/sysroot -c -O2 -g  conftest.c >&5
configure:5077: $? = 0
configure:5077: /data/toolchains/onyx-clang/bin/clang --target=x86_64-unknown-onyx --sysroot=/home/pfalcato/Onyx/sysroot -c -O2 -g  conftest.c >&5
configure:5077: $? = 0
configure:5092: result: 8
configure:5107: checking whether PRIdMAX is declared
configure:5107: /data/toolchains/onyx-clang/bin/clang --target=x86_64-unknown-onyx --sysroot=/home/pfalcato/Onyx/sysroot -c -O2 -g -fno-builtin  conftest.c >&5
configure:5107: $? = 0
configure:5107: result: yes
configure:5120: checking for bsearch
configure:5120: /data/toolchains/onyx-clang/bin/clang --target=x86_64-unknown-onyx --sysroot=/home/pfalcato/Onyx/sysroot -o conftest -O2 -g  -static -Wl,--fatal-warnings conftest.c  >&5
configure:5120: $? = 0
configure:5120: result: yes
configure:5126: checking for faccessat
configure:5126: /data/toolchains/onyx-clang/bin/clang --target=x86_64-unknown-onyx --sysroot=/home/pfalcato/Onyx/sysroot -o conftest -O2 -g  -static -Wl,--fatal-warnings conftest.c  >&5
configure:5126: $? = 0
configure:5126: result: yes
configure:5132: checking for getpwnam
configure:5132: /data/toolchains/onyx-clang/bin/clang --target=x86_64-unknown-onyx --sysroot=/home/pfalcato/Onyx/sysroot -o conftest -O2 -g  -static -Wl,--fatal-warnings conftest.c  >&5
configure:5132: $? = 0
configure:5132: result: yes
configure:5138: checking for getrlimit
configure:5138: /data/toolchains/onyx-clang/bin/clang --target=x86_64-unknown-onyx --sysroot=/home/pfalcato/Onyx/sysroot -o conftest -O2 -g  -static -Wl,--fatal-warnings conftest.c  >&5
configure:5138: $? = 0
configure:5138: result: yes
configure:5144: checking for isalpha
configure:5144: /data/toolchains/onyx-clang/bin/clang --target=x86_64-unknown-onyx --sysroot=/home/pfalcato/Onyx/sysroot -o conftest -O2 -g  -static -Wl,--fatal-warnings conftest.c  >&5
conftest.c:64:6: warning: incompatible redeclaration of library function 'isalpha' [-Wincompatible-library-redeclaration]
char isalpha ();
     ^
conftest.c:64:6: note: 'isalpha' is a builtin with type 'int (int)'
1 warning generated.
configure:5144: $? = 0
configure:5144: result: yes
configure:5150: checking for killpg
configure:5150: /data/toolchains/onyx-clang/bin/clang --target=x86_64-unknown-onyx --sysroot=/home/pfalcato/Onyx/sysroot -o conftest -O2 -g  -static -Wl,--fatal-warnings conftest.c  >&5
configure:5150: $? = 0
configure:5150: result: yes
configure:5156: checking for mempcpy
configure:5156: /data/toolchains/onyx-clang/bin/clang --target=x86_64-unknown-onyx --sysroot=/home/pfalcato/Onyx/sysroot -o conftest -O2 -g  -static -Wl,--fatal-warnings conftest.c  >&5
conftest.c:66:6: warning: incompatible redeclaration of library function 'mempcpy' [-Wincompatible-library-redeclaration]
char mempcpy ();
     ^
conftest.c:66:6: note: 'mempcpy' is a builtin with type 'void *(void *, const void *, unsigned long)'
1 warning generated.
configure:5156: $? = 0
configure:5156: result: yes
configure:5162: checking for sigsetmask
configure:5162: /data/toolchains/onyx-clang/bin/clang --target=x86_64-unknown-onyx --sysroot=/home/pfalcato/Onyx/sysroot -o conftest -O2 -g  -static -Wl,--fatal-warnings conftest.c  >&5
ld.lld: error: undefined symbol: sigsetmask
>>> referenced by conftest.c:78
>>>               /tmp/conftest-a51fb3.o:(main)
clang-12: error: ld.lld command failed with exit code 1 (use -v to see invocation)
configure:5162: $? = 1
configure: failed program was:
| /* confdefs.h */
| #define PACKAGE_NAME "dash"
| #define PACKAGE_TARNAME "dash"
| #define PACKAGE_VERSION "0.5.9.1"
| #define PACKAGE_STRING "dash 0.5.9.1"
| #define PACKAGE_BUGREPORT ""
| #define PACKAGE_URL ""
| #define PACKAGE "dash"
| #define VERSION "0.5.9.1"
| #define HAVE_STDIO_H 1
| #define HAVE_STDLIB_H 1
| #define HAVE_STRING_H 1
| #define HAVE_INTTYPES_H 1
| #define HAVE_STDINT_H 1
| #define HAVE_STRINGS_H 1
| #define HAVE_SYS_STAT_H 1
| #define HAVE_SYS_TYPES_H 1
| #define HAVE_UNISTD_H 1
| #define HAVE_WCHAR_H 1
| #define STDC_HEADERS 1
| #define _ALL_SOURCE 1
| #define _DARWIN_C_SOURCE 1
| #define _GNU_SOURCE 1
| #define _HPUX_ALT_XOPEN_SOCKET_API 1
| #define _NETBSD_SOURCE 1
| #define _OPENBSD_SOURCE 1
| #define _POSIX_PTHREAD_SEMANTICS 1
| #define __STDC_WANT_IEC_60559_ATTRIBS_EXT__ 1
| #define __STDC_WANT_IEC_60559_BFP_EXT__ 1
| #define __STDC_WANT_IEC_60559_DFP_EXT__ 1
| #define __STDC_WANT_IEC_60559_FUNCS_EXT__ 1
| #define __STDC_WANT_IEC_60559_TYPES_EXT__ 1
| #define __STDC_WANT_LIB_EXT2__ 1
| #define __STDC_WANT_MATH_SPEC_FUNCS__ 1
| #define _TANDEM_SOURCE 1
| #define __EXTENSIONS__ 1
| #define HAVE_ALIAS_ATTRIBUTE 1
| #define HAVE_ALLOCA_H 1
| #define HAVE_PATHS_H 1
| #define HAVE_DECL_ISBLANK 1
| #define SIZEOF_INTMAX_T 8
| #define SIZEOF_LONG_LONG_INT 8
| #define HAVE_BSEARCH 1
| #define HAVE_FACCESSAT 1
| #define HAVE_GETPWNAM 1
| #define HAVE_GETRLIMIT 1
| #define HAVE_ISALPHA 1
| #define HAVE_KILLPG 1
| #define HAVE_MEMPCPY 1
| /* end confdefs.h.  */
| /* Define sigsetmask to an innocuous variant, in case <limits.h> declares sigsetmask.
|    For example, HP-UX 11i <limits.h> declares gettimeofday.  */
| #define sigsetmask innocuous_sigsetmask
| 
| /* System header to define __stub macros and hopefully few prototypes,
|    which can conflict with char sigsetmask (); below.  */
| 
| #include <limits.h>
| #undef sigsetmask
| 
| /* Override any GCC internal prototype to avoid an error.
|    Use char because int might match the return type of a GCC
|    builtin and then its argument prototype would still apply.  */
| #ifdef __cplusplus
| extern "C"
| #endif
| char sigsetmask ();
| /* The GNU C library defines this for functions which it implements
|     to always fail with ENOSYS.  Some functions are actually named
|     something starting with __ and the normal name is an alias.  */
| #if defined __stub_sigsetmask || defined __stub___sigsetmask
| choke me
| #endif
| 
| int
| main (void)
| {
| return sigsetmask ();
|   ;
|   return 0;
| }
configure:5162: result: no
configure:5168: checking for stpcpy
configure:5168: /data/toolchains/onyx-clang/bin/clang --target=x86_64-unknown-onyx --sysroot=/home/pfalcato/Onyx/sysroot -o conftest -O2 -g  -static -Wl,--fatal-warnings conftest.c  >&5
conftest.c:67:6: warning: incompatible redeclaration of library function 'stpcpy' [-Wincompatible-library-redeclaration]
char stpcpy ();
     ^
conftest.c:67:6: note: 'stpcpy' is a builtin with type 'char *(char *, const char *)'
1 warning generated.
configure:5168: $? = 0
configure:5168: result: yes
configure:5174: checking for strchrnul
configure:5174: /data/toolchains/onyx-clang/bin/clang --target=x86_64-unknown-onyx --sysroot=/home/pfalcato/Onyx/sysroot -o conftest -O2 -g  -static -Wl,--fatal-warnings conftest.c  >&5
configure:5174: $? = 0
configure:5174: result: yes
configure:5180: checking for strsignal
configure:5180: /data/toolchains/onyx-clang/bin/clang --target=x86_64-unknown-onyx --sysroot=/home/pfalcato/Onyx/sysroot -o conftest -O2 -g  -static -Wl,--fatal-warnings conftest.c  >&5
configure:5180: $? = 0
configure:5180: result: yes
configure:5186: checking for strtod
configure:5186: /data/toolchains/onyx-clang/bin/clang --target=x86_64-unknown-onyx --sysroot=/home/pfalcato/Onyx/sysroot -o conftest -O2 -g  -static -Wl,--fatal-warnings conftest.c  >&5
conftest.c:70:6: warning: incompatible redeclaration of library function 'strtod' [-Wincompatible-library-redeclaration]
char strtod ();
     ^
conftest.c:70:6: note: 'strtod' is a builtin with type 'double (const char *, char **)'
1 warning generated.
configure:5186: $? = 0
configure:5186: result: yes
configure:5192: checking for strtoimax
configure:5192: /data/toolchains/onyx-clang/bin/clang --target=x86_64-unknown-onyx --sysroot=/home/pfalcato/Onyx/sysroot -o conftest -O2 -g  -static -Wl,--fatal-warnings conftest.c  >&5
configure:5192: $? = 0
configure:5192: result: yes
configure:5198: checking for strtoumax
configure:5198: /data/toolchains/onyx-clang/bin/clang --target=x86_64-unknown-onyx --sysroot=/home/pfalcato/Onyx/sysroot -o conftest -O2 -g  -static -Wl,--fatal-warnings conftest.c  >&5
configure:5198: $? = 0
configure:5198: result: yes
configure:5204: checking for sysconf
configure:5204: /data/toolchains/onyx-clang/bin/clang --target=x86_64-unknown-onyx --sysroot=/home/pfalcato/Onyx/sysroot -o conftest -O2 -g  -static -Wl,--fatal-warnings conftest.c  >&5
configure:5204: $? = 0
configure:5204: result: yes
configure:5261: checking for signal
configure:5261: /data/toolchains/onyx-clang/bin/clang --target=x86_64-unknown-onyx --sysroot=/home/pfalcato/Onyx/sysroot -o conftest -O2 -g  -static -Wl,--fatal-warnings conftest.c  >&5
configure:5261: $? = 0
configure:5261: result: yes
configure:5278: checking for stat64
configure:5278: /data/toolchains/onyx-clang/bin/clang --target=x86_64-unknown-onyx --sysroot=/home/pfalcato/Onyx/sysroot -o conftest -O2 -g  -static -Wl,--fatal-warnings conftest.c  >&5
configure:5278: $? = 0
configure:5278: result: yes
configure:5297: checking for open64
configure:5297: /data/toolchains/onyx-clang/bin/clang --target=x86_64-unknown-onyx --sysroot=/home/pfalcato/Onyx/sysroot -o conftest -O2 -g  -static -Wl,--fatal-warnings conftest.c  >&5
configure:5297: $? = 0
configure:5297: result: yes
configure:5489: checking that generated files are newer than configure
configure:5495: result: done
configure:5518: creating ./config.status

## ---------------------- ##
## Running config.status. ##
## ---------------------- ##

This file was extended by dash config.status 0.5.9.1, which was
generated by GNU Autoconf 2.71.  Invocation command line was

  CONFIG_FILES    = 
  CONFIG_HEADERS  = 
  CONFIG_LINKS    = 
  CONFIG_COMMANDS = 
  $ ./config.status 

on PC-PEDRO

config.status:886: creating Makefile
config.status:886: creating src/Makefile
config.status:886: creating config.h
config.status:1115: executing depfiles commands
config.status:1192: cd src       && sed -e '/# am--include-marker/d' Makefile         | make -f - am--depfiles
make[1]: Entering directory '/home/pfalcato/Onyx/usystem/dash/src'
make[1]: Leaving directory '/home/pfalcato/Onyx/usystem/dash/src'
config.status:1197: $? = 0
configure:6829: WARNING: unrecognized options: --with-sysroot

## ---------------- ##
## Cache variables. ##
## ---------------- ##

ac_cv_c_compiler_gnu=yes
ac_cv_c_undeclared_builtin_options=-fno-builtin
ac_cv_env_CC_set=set
ac_cv_env_CC_value='/data/toolchains/onyx-clang/bin/clang --target=x86_64-unknown-onyx --sysroot=/home/pfalcato/Onyx/sysroot'
ac_cv_env_CFLAGS_set=set
ac_cv_env_CFLAGS_value='-O2 -g'
ac_cv_env_CPPFLAGS_set=set
ac_cv_env_CPPFLAGS_value=
ac_cv_env_LDFLAGS_set=
ac_cv_env_LDFLAGS_value=
ac_cv_env_LIBS_set=
ac_cv_env_LIBS_value=
ac_cv_env_YACC_set=
ac_cv_env_YACC_value=
ac_cv_env_YFLAGS_set=
ac_cv_env_YFLAGS_value=
ac_cv_env_build_alias_set=
ac_cv_env_build_alias_value=
ac_cv_env_host_alias_set=set
ac_cv_env_host_alias_value=x86_64-onyx
ac_cv_env_target_alias_set=
ac_cv_env_target_alias_value=
ac_cv_func_bsearch=yes
ac_cv_func_faccessat=yes
ac_cv_func_getpwnam=yes
ac_cv_func_getrlimit=yes
ac_cv_func_isalpha=yes
ac_cv_func_killpg=yes
ac_cv_func_mempcpy=yes
ac_cv_func_open64=yes
ac_cv_func_signal=yes
ac_cv_func_sigsetmask=no
ac_cv_func_stat64=yes
ac_cv_func_stpcpy=yes
ac_cv_func_strchrnul=yes
ac_cv_func_strsignal=yes
ac_cv_func_strtod=yes
ac_cv_func_strtoimax=yes
ac_cv_func_strtoumax=yes
ac_cv_func_sysconf=yes
ac_cv_have_decl_PRIdMAX=yes
ac_cv_have_decl__PATH_BSHELL=yes
ac_cv_have_decl__PATH_DEVNULL=yes
ac_cv_have_decl__PATH_TTY=yes
ac_cv_have_decl_isblank=yes
ac_cv_header_alloca_h=yes
ac_cv_header_inttypes_h=yes
ac_cv_header_minix_config_h=no
ac_cv_header_paths_h=yes
ac_cv_header_stdint_h=yes
ac_cv_header_stdio_h=yes
ac_cv_header_stdlib_h=yes
ac_cv_header_string_h=yes
ac_cv_header_strings_h=yes
ac_cv_header_sys_stat_h=yes
ac_cv_header_sys_types_h=yes
ac_cv_header_unistd_h=yes
ac_cv_header_wchar_h=yes
ac_cv_objext=o
ac_cv_path_install='/usr/bin/install -c'
ac_cv_path_mkdir=/usr/bin/mkdir
ac_cv_prog_AWK=gawk
ac_cv_prog_CC='/data/toolchains/onyx-clang/bin/clang --target=x86_64-unknown-onyx --sysroot=/home/pfalcato/Onyx/sysroot'
ac_cv_prog_STRIP=/data/toolchains/onyx-clang/bin/llvm-strip
ac_cv_prog_YACC='bison -y'
ac_cv_prog_cc_c11=
ac_cv_prog_cc_g=yes
ac_cv_prog_cc_stdc=
ac_cv_prog_make_make_set=yes
ac_cv_safe_to_define___extensions__=yes
ac_cv_should_define__xopen_source=no
ac_cv_sizeof_intmax_t=8
ac_cv_sizeof_long_long_int=8
am_cv_CC_dependencies_compiler_type=gcc3
am_cv_make_support_nested_variables=yes
am_cv_prog_cc_c_o=yes
dash_cv_have_attribute_alias=yes

## ----------------- ##
## Output variables. ##
## ----------------- ##

ACLOCAL='${SHELL} '\''/home/pfalcato/Onyx/usystem/dash/missing'\'' aclocal-1.16'
AMDEPBACKSLASH='\'
AMDEP_FALSE='#'
AMDEP_TRUE=''
AMTAR='$${TAR-tar}'
AM_BACKSLASH='\'
AM_DEFAULT_V='$(AM_DEFAULT_VERBOSITY)'
AM_DEFAULT_VERBOSITY='1'
AM_V='$(V)'
AUTOCONF='${SHELL} '\''/home/pfalcato/Onyx/usystem/dash/missing'\'' autoconf'
AUTOHEADER='${SHELL} '\''/home/pfalcato/Onyx/usystem/dash/missing'\'' autoheader'
AUTOMAKE='${SHELL} '\''/home/pfalcato/Onyx/usystem/dash/missing'\'' automake-1.16'
AWK='gawk'
CC='/data/toolchains/onyx-clang/bin/clang --target=x86_64-unknown-onyx --sysroot=/home/pfalcato/Onyx/sysroot'
CCDEPMODE='depmode=gcc3'
CC_FOR_BUILD='cc'
CFLAGS='-O2 -g'
CPPFLAGS=''
CYGPATH_W='echo'
DEFS='-DHAVE_CONFIG_H'
DEPDIR='.deps'
ECHO_C=''
ECHO_N='-n'
ECHO_T=''
EXEEXT=''
INSTALL_DATA='${INSTALL} -m 644'
INSTALL_PROGRAM='${INSTALL}'
INSTALL_SCRIPT='${INSTALL}'
INSTALL_STRIP_PROGRAM='$(install_sh) -c -s'
LDFLAGS='-static -Wl,--fatal-warnings'
LIBOBJS=''
LIBS=''
LTLIBOBJS=''
MAKEINFO='${SHELL} '\''/home/pfalcato/Onyx/usystem/dash/missing'\'' makeinfo'
MKDIR_P='/usr/bin/mkdir -p'
OBJEXT='o'
PACKAGE='dash'
PACKAGE_BUGREPORT=''
PACKAGE_NAME='dash'
PACKAGE_STRING='dash 0.5.9.1'
PACKAGE_TARNAME='dash'
PACKAGE_URL=''
PACKAGE_VERSION='0.5.9.1'
PATH_SEPARATOR=':'
SET_MAKE=''
SHELL='/bin/sh'
STRIP='/data/toolchains/onyx-clang/bin/llvm-strip'
VERSION='0.5.9.1'
YACC='bison -y'
YFLAGS=''
ac_ct_CC=''
am__EXEEXT_FALSE=''
am__EXEEXT_TRUE='#'
am__fastdepCC_FALSE='#'
am__fastdepCC_TRUE=''
am__include='include'
am__isrc=''
am__leading_dot='.'
am__nodep='_no'
am__quote=''
am__tar='$${TAR-tar} chof - "$$tardir"'
am__untar='$${TAR-tar} xf -'
bindir='${exec_prefix}/bin'
build_alias=''
datadir='${datarootdir}'
datarootdir='${prefix}/share'
docdir='${datarootdir}/doc/${PACKAGE_TARNAME}'
dvidir='${docdir}'
exec_prefix='${prefix}'
host_alias='x86_64-onyx'
htmldir='${docdir}'
includedir='${prefix}/include'
infodir='${datarootdir}/info'
install_sh='${SHELL} /home/pfalcato/Onyx/usystem/dash/install-sh'
libdir='${exec_prefix}/lib'
libexecdir='${exec_prefix}/libexec'
localedir='${datarootdir}/locale'
localstatedir='${prefix}/var'
mandir='${datarootdir}/man'
mkdir_p='$(MKDIR_P)'
oldincludedir='/usr/include'
pdfdir='${docdir}'
prefix='/usr'
program_transform_name='s,x,x,'
psdir='${docdir}'
runstatedir='${localstatedir}/run'
sbindir='${exec_prefix}/sbin'
sharedstatedir='${prefix}/com'
sysconfdir='${prefix}/etc'
target_alias=''

## ----------- ##
## confdefs.h. ##
## ----------- ##

/* confdefs.h */
#define PACKAGE_NAME "dash"
#define PACKAGE_TARNAME "dash"
#define PACKAGE_VERSION "0.5.9.1"
#define PACKAGE_STRING "dash 0.5.9.1"
#define PACKAGE_BUGREPORT ""
#define PACKAGE_URL ""
#define PACKAGE "dash"
#define VERSION "0.5.9.1"
#define HAVE_STDIO_H 1
#define HAVE_STDLIB_H 1
#define HAVE_STRING_H 1
#define HAVE_INTTYPES_H 1
#define HAVE_STDINT_H 1
#define HAVE_STRINGS_H 1
#define HAVE_SYS_STAT_H 1
#define HAVE_SYS_TYPES_H 1
#define HAVE_UNISTD_H 1
#define HAVE_WCHAR_H 1
#define STDC_HEADERS 1
#define _ALL_SOURCE 1
#define _DARWIN_C_SOURCE 1
#define _GNU_SOURCE 1
#define _HPUX_ALT_XOPEN_SOCKET_API 1
#define _NETBSD_SOURCE 1
#define _OPENBSD_SOURCE 1
#define _POSIX_PTHREAD_SEMANTICS 1
#define __STDC_WANT_IEC_60559_ATTRIBS_EXT__ 1
#define __STDC_WANT_IEC_60559_BFP_EXT__ 1
#define __STDC_WANT_IEC_60559_DFP_EXT__ 1
#define __STDC_WANT_IEC_60559_FUNCS_EXT__ 1
#define __STDC_WANT_IEC_60559_TYPES_EXT__ 1
#define __STDC_WANT_LIB_EXT2__ 1
#define __STDC_WANT_MATH_SPEC_FUNCS__ 1
#define _TANDEM_SOURCE 1
#define __EXTENSIONS__ 1
#define HAVE_ALIAS_ATTRIBUTE 1
#define HAVE_ALLOCA_H 1
#define HAVE_PATHS_H 1
#define HAVE_DECL_ISBLANK 1
#define SIZEOF_INTMAX_T 8
#define SIZEOF_LONG_LONG_INT 8
#define HAVE_BSEARCH 1
#define HAVE_FACCESSAT 1
#define HAVE_GETPWNAM 1
#define HAVE_GETRLIMIT 1
#define HAVE_ISALPHA 1
#define HAVE_KILLPG 1
#define HAVE_MEMPCPY 1
#define HAVE_STPCPY 1
#define HAVE_STRCHRNUL 1
#define HAVE_STRSIGNAL 1
#define HAVE_STRTOD 1
#define HAVE_STRTOIMAX 1
#define HAVE_STRTOUMAX 1
#define HAVE_SYSCONF 1
#define SMALL 1
#define WITH_LINENO 1

configure: exit 0
